<?xml version="1.0" encoding="UTF-8"?>
<!-- Generated by org.testng.reporters.JUnitReportReporter -->
<testsuite hostname="LIN41006109" failures="0" tests="1" name="tests.TestAPI" time="0.892" errors="0" timestamp="2022-07-06T17:06:19 IST" skipped="0">
  <testcase classname="tests.TestAPI" name="verifyGetProduct" time="0.892"/>
  <system-out/>
</testsuite> <!-- tests.TestAPI -->
