<?xml version="1.0" encoding="UTF-8"?>
<!-- Generated by org.testng.reporters.JUnitReportReporter -->
<testsuite hostname="LIN41006109" failures="0" tests="1" name="tests.testS" time="1.629" errors="0" timestamp="2022-07-13T02:01:10 IST" skipped="0">
  <testcase classname="tests.testS" name="getRequestWithQueryparam" time="1.629"/>
  <system-out/>
</testsuite> <!-- tests.testS -->
